<?xml version="1.0" encoding="UTF-8"?>
<!-- Generated by org.testng.reporters.JUnitXMLReporter -->
<testsuite ignored="0" hostname="HBHASKAR-32094334H" failures="1" tests="1" name="Surefire test" time="0.061" errors="0" timestamp="2024-12-21T15:10:46 IST">
  <testcase classname="AmazonTest" name="testAmazonSearch" time="0.004">
    <failure type="java.lang.NullPointerException" message="Cannot invoke &amp;quot;org.openqa.selenium.WebDriver.get(String)&amp;quot; because &amp;quot;this.driver&amp;quot; is null">
      <![CDATA[java.lang.NullPointerException: Cannot invoke "org.openqa.selenium.WebDriver.get(String)" because "this.driver" is null
at AmazonTest.testAmazonSearch(AmazonTest.java:22)
at java.base/java.util.ArrayList.forEach(ArrayList.java:1596)
... Removed 30 stack frames]]>
    </failure>
  </testcase> <!-- testAmazonSearch -->
</testsuite> <!-- Surefire test -->
