<?xml version="1.0" encoding="UTF-8"?>
<!-- Generated by org.testng.reporters.JUnitXMLReporter -->
<testsuite ignored="0" hostname="HBHASKAR-32094334H" failures="0" tests="3" name="Default test" time="18.327" errors="0" timestamp="2024-12-25T19:31:22 IST">
  <testcase classname="SeleniumGridTest" name="testGoogleTitle" time="4.513"/>
  <testcase classname="SeleniumGridTest" name="testGoogleTitle" time="5.983"/>
  <testcase classname="SeleniumGridTest" name="testGoogleTitle" time="5.37"/>
</testsuite> <!-- Default test -->
