<?xml version="1.0" encoding="UTF-8"?>
<testng-results ignored="0" total="3" passed="3" failed="0" skipped="0">
  <reporter-output>
  </reporter-output>
  <suite started-at="2024-12-25T19:31:04 IST" name="Default suite" finished-at="2024-12-25T19:31:22 IST" duration-ms="18327">
    <groups>
    </groups>
    <test started-at="2024-12-25T19:31:04 IST" name="Default test" finished-at="2024-12-25T19:31:22 IST" duration-ms="18327">
      <class name="SeleniumGridTest">
        <test-method signature="testGoogleTitle(java.lang.String)[pri:0, instance:SeleniumGridTest@2a65fe7c]" started-at="2024-12-25T19:31:04 IST" name="testGoogleTitle" data-provider="browsers" finished-at="2024-12-25T19:31:08 IST" duration-ms="4513" status="PASS">
          <params>
            <param index="0">
              <value>
                <![CDATA[chrome]]>
              </value>
            </param>
          </params>
          <reporter-output>
          </reporter-output>
        </test-method> <!-- testGoogleTitle -->
        <test-method is-config="true" signature="tearDown()[pri:0, instance:SeleniumGridTest@2a65fe7c]" started-at="2024-12-25T19:31:08 IST" name="tearDown" finished-at="2024-12-25T19:31:09 IST" duration-ms="170" status="PASS">
          <reporter-output>
          </reporter-output>
        </test-method> <!-- tearDown -->
        <test-method signature="testGoogleTitle(java.lang.String)[pri:0, instance:SeleniumGridTest@2a65fe7c]" started-at="2024-12-25T19:31:09 IST" name="testGoogleTitle" data-provider="browsers" finished-at="2024-12-25T19:31:15 IST" duration-ms="5983" status="PASS">
          <params>
            <param index="0">
              <value>
                <![CDATA[firefox]]>
              </value>
            </param>
          </params>
          <reporter-output>
          </reporter-output>
        </test-method> <!-- testGoogleTitle -->
        <test-method is-config="true" signature="tearDown()[pri:0, instance:SeleniumGridTest@2a65fe7c]" started-at="2024-12-25T19:31:15 IST" name="tearDown" finished-at="2024-12-25T19:31:16 IST" duration-ms="1109" status="PASS">
          <reporter-output>
          </reporter-output>
        </test-method> <!-- tearDown -->
        <test-method signature="testGoogleTitle(java.lang.String)[pri:0, instance:SeleniumGridTest@2a65fe7c]" started-at="2024-12-25T19:31:16 IST" name="testGoogleTitle" data-provider="browsers" finished-at="2024-12-25T19:31:21 IST" duration-ms="5370" status="PASS">
          <params>
            <param index="0">
              <value>
                <![CDATA[MicrosoftEdge]]>
              </value>
            </param>
          </params>
          <reporter-output>
          </reporter-output>
        </test-method> <!-- testGoogleTitle -->
        <test-method is-config="true" signature="tearDown()[pri:0, instance:SeleniumGridTest@2a65fe7c]" started-at="2024-12-25T19:31:21 IST" name="tearDown" finished-at="2024-12-25T19:31:22 IST" duration-ms="1114" status="PASS">
          <reporter-output>
          </reporter-output>
        </test-method> <!-- tearDown -->
      </class> <!-- SeleniumGridTest -->
    </test> <!-- Default test -->
  </suite> <!-- Default suite -->
</testng-results>
